CRITICAL - 2023-09-24 03:37:24 --> There is no data to insert.
in SYSTEMPATH\BaseModel.php on line 768.
 1 SYSTEMPATH\BaseModel.php(768): CodeIgniter\Database\Exceptions\DataException::forEmptyDataset('insert')
 2 SYSTEMPATH\Model.php(715): CodeIgniter\BaseModel->insert([], false)
 3 SYSTEMPATH\BaseModel.php(698): CodeIgniter\Model->insert([...], false)
 4 APPPATH\Controllers\MusicController.php(46): CodeIgniter\BaseModel->save([...])
 5 SYSTEMPATH\CodeIgniter.php(919): App\Controllers\MusicController->create()
 6 SYSTEMPATH\CodeIgniter.php(494): CodeIgniter\CodeIgniter->runController(Object(App\Controllers\MusicController))
 7 SYSTEMPATH\CodeIgniter.php(353): CodeIgniter\CodeIgniter->handleRequest(null, Object(Config\Cache), false)
 8 FCPATH\index.php(79): CodeIgniter\CodeIgniter->run()
 9 SYSTEMPATH\Commands\Server\rewrite.php(47): require_once('C:\\laragon\\www\\songs\\public\\index.php')
CRITICAL - 2023-09-24 04:06:59 --> Cannot call constructor
in APPPATH\Controllers\MusicController.php on line 14.
 1 SYSTEMPATH\CodeIgniter.php(891): App\Controllers\MusicController->__construct()
 2 SYSTEMPATH\CodeIgniter.php(485): CodeIgniter\CodeIgniter->createController()
 3 SYSTEMPATH\CodeIgniter.php(353): CodeIgniter\CodeIgniter->handleRequest(null, Object(Config\Cache), false)
 4 FCPATH\index.php(79): CodeIgniter\CodeIgniter->run()
 5 SYSTEMPATH\Commands\Server\rewrite.php(47): require_once('C:\\laragon\\www\\songs\\public\\index.php')
CRITICAL - 2023-09-24 04:07:08 --> Cannot call constructor
in APPPATH\Controllers\MusicController.php on line 14.
 1 SYSTEMPATH\CodeIgniter.php(891): App\Controllers\MusicController->__construct()
 2 SYSTEMPATH\CodeIgniter.php(485): CodeIgniter\CodeIgniter->createController()
 3 SYSTEMPATH\CodeIgniter.php(353): CodeIgniter\CodeIgniter->handleRequest(null, Object(Config\Cache), false)
 4 FCPATH\index.php(79): CodeIgniter\CodeIgniter->run()
 5 SYSTEMPATH\Commands\Server\rewrite.php(47): require_once('C:\\laragon\\www\\songs\\public\\index.php')
CRITICAL - 2023-09-24 04:07:24 --> Call to a member function helper() on null
in APPPATH\Controllers\MusicController.php on line 15.
 1 SYSTEMPATH\CodeIgniter.php(891): App\Controllers\MusicController->__construct()
 2 SYSTEMPATH\CodeIgniter.php(485): CodeIgniter\CodeIgniter->createController()
 3 SYSTEMPATH\CodeIgniter.php(353): CodeIgniter\CodeIgniter->handleRequest(null, Object(Config\Cache), false)
 4 FCPATH\index.php(79): CodeIgniter\CodeIgniter->run()
 5 SYSTEMPATH\Commands\Server\rewrite.php(47): require_once('C:\\laragon\\www\\songs\\public\\index.php')
CRITICAL - 2023-09-24 05:14:54 --> Call to undefined method App\Models\PlaylistMusicModel::library
in SYSTEMPATH\Model.php on line 873.
 1 APPPATH\Controllers\MusicController.php(35): CodeIgniter\Model->__call('library', [...])
 2 SYSTEMPATH\CodeIgniter.php(919): App\Controllers\MusicController->upload()
 3 SYSTEMPATH\CodeIgniter.php(494): CodeIgniter\CodeIgniter->runController(Object(App\Controllers\MusicController))
 4 SYSTEMPATH\CodeIgniter.php(353): CodeIgniter\CodeIgniter->handleRequest(null, Object(Config\Cache), false)
 5 FCPATH\index.php(79): CodeIgniter\CodeIgniter->run()
 6 SYSTEMPATH\Commands\Server\rewrite.php(47): require_once('C:\\laragon\\www\\songs\\public\\index.php')
CRITICAL - 2023-09-24 05:19:06 --> Too few arguments to function App\Controllers\MusicController::upload(), 0 passed in C:\laragon\www\songs\system\CodeIgniter.php on line 919 and exactly 1 expected
in APPPATH\Controllers\MusicController.php on line 32.
 1 SYSTEMPATH\CodeIgniter.php(919): App\Controllers\MusicController->upload()
 2 SYSTEMPATH\CodeIgniter.php(494): CodeIgniter\CodeIgniter->runController(Object(App\Controllers\MusicController))
 3 SYSTEMPATH\CodeIgniter.php(353): CodeIgniter\CodeIgniter->handleRequest(null, Object(Config\Cache), false)
 4 FCPATH\index.php(79): CodeIgniter\CodeIgniter->run()
 5 SYSTEMPATH\Commands\Server\rewrite.php(47): require_once('C:\\laragon\\www\\songs\\public\\index.php')
CRITICAL - 2023-09-24 05:19:46 --> Call to undefined method App\Models\PlaylistMusicModel::upload
in SYSTEMPATH\Model.php on line 873.
 1 APPPATH\Controllers\MusicController.php(43): CodeIgniter\Model->__call('upload', [])
 2 SYSTEMPATH\CodeIgniter.php(919): App\Controllers\MusicController->upload()
 3 SYSTEMPATH\CodeIgniter.php(494): CodeIgniter\CodeIgniter->runController(Object(App\Controllers\MusicController))
 4 SYSTEMPATH\CodeIgniter.php(353): CodeIgniter\CodeIgniter->handleRequest(null, Object(Config\Cache), false)
 5 FCPATH\index.php(79): CodeIgniter\CodeIgniter->run()
 6 SYSTEMPATH\Commands\Server\rewrite.php(47): require_once('C:\\laragon\\www\\songs\\public\\index.php')
CRITICAL - 2023-09-24 05:21:43 --> Class 'App\Model\PlaylistMusicModel' not found
in APPPATH\Controllers\MusicController.php on line 16.
 1 SYSTEMPATH\CodeIgniter.php(891): App\Controllers\MusicController->__construct()
 2 SYSTEMPATH\CodeIgniter.php(485): CodeIgniter\CodeIgniter->createController()
 3 SYSTEMPATH\CodeIgniter.php(353): CodeIgniter\CodeIgniter->handleRequest(null, Object(Config\Cache), false)
 4 FCPATH\index.php(79): CodeIgniter\CodeIgniter->run()
 5 SYSTEMPATH\Commands\Server\rewrite.php(47): require_once('C:\\laragon\\www\\songs\\public\\index.php')
CRITICAL - 2023-09-24 05:23:04 --> Class 'App\Controllers\App\ModelsPlaylistMusicModel' not found
in APPPATH\Controllers\MusicController.php on line 16.
 1 SYSTEMPATH\CodeIgniter.php(891): App\Controllers\MusicController->__construct()
 2 SYSTEMPATH\CodeIgniter.php(485): CodeIgniter\CodeIgniter->createController()
 3 SYSTEMPATH\CodeIgniter.php(353): CodeIgniter\CodeIgniter->handleRequest(null, Object(Config\Cache), false)
 4 FCPATH\index.php(79): CodeIgniter\CodeIgniter->run()
 5 SYSTEMPATH\Commands\Server\rewrite.php(47): require_once('C:\\laragon\\www\\songs\\public\\index.php')
CRITICAL - 2023-09-24 05:26:21 --> Too few arguments to function App\Controllers\MusicController::upload(), 0 passed in C:\laragon\www\songs\system\CodeIgniter.php on line 919 and exactly 1 expected
in APPPATH\Controllers\MusicController.php on line 33.
 1 SYSTEMPATH\CodeIgniter.php(919): App\Controllers\MusicController->upload()
 2 SYSTEMPATH\CodeIgniter.php(494): CodeIgniter\CodeIgniter->runController(Object(App\Controllers\MusicController))
 3 SYSTEMPATH\CodeIgniter.php(353): CodeIgniter\CodeIgniter->handleRequest(null, Object(Config\Cache), false)
 4 FCPATH\index.php(79): CodeIgniter\CodeIgniter->run()
 5 SYSTEMPATH\Commands\Server\rewrite.php(47): require_once('C:\\laragon\\www\\songs\\public\\index.php')
CRITICAL - 2023-09-24 05:26:29 --> Too few arguments to function App\Controllers\MusicController::upload(), 0 passed in C:\laragon\www\songs\system\CodeIgniter.php on line 919 and exactly 1 expected
in APPPATH\Controllers\MusicController.php on line 33.
 1 SYSTEMPATH\CodeIgniter.php(919): App\Controllers\MusicController->upload()
 2 SYSTEMPATH\CodeIgniter.php(494): CodeIgniter\CodeIgniter->runController(Object(App\Controllers\MusicController))
 3 SYSTEMPATH\CodeIgniter.php(353): CodeIgniter\CodeIgniter->handleRequest(null, Object(Config\Cache), false)
 4 FCPATH\index.php(79): CodeIgniter\CodeIgniter->run()
 5 SYSTEMPATH\Commands\Server\rewrite.php(47): require_once('C:\\laragon\\www\\songs\\public\\index.php')
CRITICAL - 2023-09-24 05:27:08 --> Too few arguments to function App\Controllers\MusicController::upload(), 0 passed in C:\laragon\www\songs\system\CodeIgniter.php on line 919 and exactly 1 expected
in APPPATH\Controllers\MusicController.php on line 33.
 1 SYSTEMPATH\CodeIgniter.php(919): App\Controllers\MusicController->upload()
 2 SYSTEMPATH\CodeIgniter.php(494): CodeIgniter\CodeIgniter->runController(Object(App\Controllers\MusicController))
 3 SYSTEMPATH\CodeIgniter.php(353): CodeIgniter\CodeIgniter->handleRequest(null, Object(Config\Cache), false)
 4 FCPATH\index.php(79): CodeIgniter\CodeIgniter->run()
 5 SYSTEMPATH\Commands\Server\rewrite.php(47): require_once('C:\\laragon\\www\\songs\\public\\index.php')
CRITICAL - 2023-09-24 05:28:20 --> Call to undefined method App\Models\PlaylistMusicModel::upload
in SYSTEMPATH\Model.php on line 873.
 1 APPPATH\Controllers\MusicController.php(44): CodeIgniter\Model->__call('upload', [])
 2 SYSTEMPATH\CodeIgniter.php(919): App\Controllers\MusicController->upload()
 3 SYSTEMPATH\CodeIgniter.php(494): CodeIgniter\CodeIgniter->runController(Object(App\Controllers\MusicController))
 4 SYSTEMPATH\CodeIgniter.php(353): CodeIgniter\CodeIgniter->handleRequest(null, Object(Config\Cache), false)
 5 FCPATH\index.php(79): CodeIgniter\CodeIgniter->run()
 6 SYSTEMPATH\Commands\Server\rewrite.php(47): require_once('C:\\laragon\\www\\songs\\public\\index.php')
CRITICAL - 2023-09-24 05:30:44 --> There is no data to insert.
in SYSTEMPATH\BaseModel.php on line 768.
 1 SYSTEMPATH\BaseModel.php(768): CodeIgniter\Database\Exceptions\DataException::forEmptyDataset('insert')
 2 SYSTEMPATH\Model.php(715): CodeIgniter\BaseModel->insert([], true)
 3 APPPATH\Controllers\MusicController.php(46): CodeIgniter\Model->insert([...])
 4 SYSTEMPATH\CodeIgniter.php(919): App\Controllers\MusicController->upload()
 5 SYSTEMPATH\CodeIgniter.php(494): CodeIgniter\CodeIgniter->runController(Object(App\Controllers\MusicController))
 6 SYSTEMPATH\CodeIgniter.php(353): CodeIgniter\CodeIgniter->handleRequest(null, Object(Config\Cache), false)
 7 FCPATH\index.php(79): CodeIgniter\CodeIgniter->run()
 8 SYSTEMPATH\Commands\Server\rewrite.php(47): require_once('C:\\laragon\\www\\songs\\public\\index.php')
CRITICAL - 2023-09-24 05:31:00 --> Call to undefined method App\Models\PlaylistMusicModel::upload
in SYSTEMPATH\Model.php on line 873.
 1 APPPATH\Controllers\MusicController.php(46): CodeIgniter\Model->__call('upload', [...])
 2 SYSTEMPATH\CodeIgniter.php(919): App\Controllers\MusicController->upload()
 3 SYSTEMPATH\CodeIgniter.php(494): CodeIgniter\CodeIgniter->runController(Object(App\Controllers\MusicController))
 4 SYSTEMPATH\CodeIgniter.php(353): CodeIgniter\CodeIgniter->handleRequest(null, Object(Config\Cache), false)
 5 FCPATH\index.php(79): CodeIgniter\CodeIgniter->run()
 6 SYSTEMPATH\Commands\Server\rewrite.php(47): require_once('C:\\laragon\\www\\songs\\public\\index.php')
CRITICAL - 2023-09-24 05:31:11 --> There is no data to insert.
in SYSTEMPATH\BaseModel.php on line 768.
 1 SYSTEMPATH\BaseModel.php(768): CodeIgniter\Database\Exceptions\DataException::forEmptyDataset('insert')
 2 SYSTEMPATH\Model.php(715): CodeIgniter\BaseModel->insert([], true)
 3 APPPATH\Controllers\MusicController.php(46): CodeIgniter\Model->insert([...])
 4 SYSTEMPATH\CodeIgniter.php(919): App\Controllers\MusicController->upload()
 5 SYSTEMPATH\CodeIgniter.php(494): CodeIgniter\CodeIgniter->runController(Object(App\Controllers\MusicController))
 6 SYSTEMPATH\CodeIgniter.php(353): CodeIgniter\CodeIgniter->handleRequest(null, Object(Config\Cache), false)
 7 FCPATH\index.php(79): CodeIgniter\CodeIgniter->run()
 8 SYSTEMPATH\Commands\Server\rewrite.php(47): require_once('C:\\laragon\\www\\songs\\public\\index.php')
CRITICAL - 2023-09-24 05:31:44 --> Call to undefined method App\Models\PlaylistMusicModel::upload
in SYSTEMPATH\Model.php on line 873.
 1 APPPATH\Controllers\MusicController.php(46): CodeIgniter\Model->__call('upload', [...])
 2 SYSTEMPATH\CodeIgniter.php(919): App\Controllers\MusicController->upload()
 3 SYSTEMPATH\CodeIgniter.php(494): CodeIgniter\CodeIgniter->runController(Object(App\Controllers\MusicController))
 4 SYSTEMPATH\CodeIgniter.php(353): CodeIgniter\CodeIgniter->handleRequest(null, Object(Config\Cache), false)
 5 FCPATH\index.php(79): CodeIgniter\CodeIgniter->run()
 6 SYSTEMPATH\Commands\Server\rewrite.php(47): require_once('C:\\laragon\\www\\songs\\public\\index.php')
CRITICAL - 2023-09-24 05:31:58 --> There is no data to update.
in SYSTEMPATH\BaseModel.php on line 1724.
 1 SYSTEMPATH\BaseModel.php(1724): CodeIgniter\Database\Exceptions\DataException::forEmptyDataset('update')
 2 SYSTEMPATH\BaseModel.php(916): CodeIgniter\BaseModel->transformDataToArray(null, 'update')
 3 SYSTEMPATH\Model.php(776): CodeIgniter\BaseModel->update([...], null)
 4 APPPATH\Controllers\MusicController.php(46): CodeIgniter\Model->update([...])
 5 SYSTEMPATH\CodeIgniter.php(919): App\Controllers\MusicController->upload()
 6 SYSTEMPATH\CodeIgniter.php(494): CodeIgniter\CodeIgniter->runController(Object(App\Controllers\MusicController))
 7 SYSTEMPATH\CodeIgniter.php(353): CodeIgniter\CodeIgniter->handleRequest(null, Object(Config\Cache), false)
 8 FCPATH\index.php(79): CodeIgniter\CodeIgniter->run()
 9 SYSTEMPATH\Commands\Server\rewrite.php(47): require_once('C:\\laragon\\www\\songs\\public\\index.php')
CRITICAL - 2023-09-24 05:32:17 --> Too few arguments to function App\Controllers\MusicController::upload(), 0 passed in C:\laragon\www\songs\system\CodeIgniter.php on line 919 and exactly 1 expected
in APPPATH\Controllers\MusicController.php on line 33.
 1 SYSTEMPATH\CodeIgniter.php(919): App\Controllers\MusicController->upload()
 2 SYSTEMPATH\CodeIgniter.php(494): CodeIgniter\CodeIgniter->runController(Object(App\Controllers\MusicController))
 3 SYSTEMPATH\CodeIgniter.php(353): CodeIgniter\CodeIgniter->handleRequest(null, Object(Config\Cache), false)
 4 FCPATH\index.php(79): CodeIgniter\CodeIgniter->run()
 5 SYSTEMPATH\Commands\Server\rewrite.php(47): require_once('C:\\laragon\\www\\songs\\public\\index.php')
CRITICAL - 2023-09-24 05:36:12 --> There is no data to update.
in SYSTEMPATH\BaseModel.php on line 1724.
 1 SYSTEMPATH\BaseModel.php(1724): CodeIgniter\Database\Exceptions\DataException::forEmptyDataset('update')
 2 SYSTEMPATH\BaseModel.php(916): CodeIgniter\BaseModel->transformDataToArray(null, 'update')
 3 SYSTEMPATH\Model.php(776): CodeIgniter\BaseModel->update([...], null)
 4 APPPATH\Controllers\MusicController.php(46): CodeIgniter\Model->update([...])
 5 SYSTEMPATH\CodeIgniter.php(919): App\Controllers\MusicController->upload()
 6 SYSTEMPATH\CodeIgniter.php(494): CodeIgniter\CodeIgniter->runController(Object(App\Controllers\MusicController))
 7 SYSTEMPATH\CodeIgniter.php(353): CodeIgniter\CodeIgniter->handleRequest(null, Object(Config\Cache), false)
 8 FCPATH\index.php(79): CodeIgniter\CodeIgniter->run()
 9 SYSTEMPATH\Commands\Server\rewrite.php(47): require_once('C:\\laragon\\www\\songs\\public\\index.php')
CRITICAL - 2023-09-24 05:41:53 --> There is no data to update.
in SYSTEMPATH\BaseModel.php on line 1724.
 1 SYSTEMPATH\BaseModel.php(1724): CodeIgniter\Database\Exceptions\DataException::forEmptyDataset('update')
 2 SYSTEMPATH\BaseModel.php(916): CodeIgniter\BaseModel->transformDataToArray(null, 'update')
 3 SYSTEMPATH\Model.php(776): CodeIgniter\BaseModel->update([...], null)
 4 APPPATH\Controllers\MusicController.php(46): CodeIgniter\Model->update([...])
 5 SYSTEMPATH\CodeIgniter.php(919): App\Controllers\MusicController->upload()
 6 SYSTEMPATH\CodeIgniter.php(494): CodeIgniter\CodeIgniter->runController(Object(App\Controllers\MusicController))
 7 SYSTEMPATH\CodeIgniter.php(353): CodeIgniter\CodeIgniter->handleRequest(null, Object(Config\Cache), false)
 8 FCPATH\index.php(79): CodeIgniter\CodeIgniter->run()
 9 SYSTEMPATH\Commands\Server\rewrite.php(47): require_once('C:\\laragon\\www\\songs\\public\\index.php')
INFO - 2023-09-24 06:09:19 --> Session: Class initialized using 'CodeIgniter\Session\Handlers\FileHandler' driver.
CRITICAL - 2023-09-24 06:09:19 --> Invalid file: "music/upload_form.php"
in SYSTEMPATH\Exceptions\FrameworkException.php on line 39.
 1 SYSTEMPATH\View\View.php(214): CodeIgniter\Exceptions\FrameworkException::forInvalidFile('music/upload_form.php')
 2 SYSTEMPATH\Common.php(1188): CodeIgniter\View\View->render('music/upload_form', [], true)
 3 APPPATH\Controllers\MusicController.php(34): view('music/upload_form')
 4 SYSTEMPATH\CodeIgniter.php(919): App\Controllers\MusicController->uploadForm()
 5 SYSTEMPATH\CodeIgniter.php(494): CodeIgniter\CodeIgniter->runController(Object(App\Controllers\MusicController))
 6 SYSTEMPATH\CodeIgniter.php(353): CodeIgniter\CodeIgniter->handleRequest(null, Object(Config\Cache), false)
 7 FCPATH\index.php(79): CodeIgniter\CodeIgniter->run()
 8 SYSTEMPATH\Commands\Server\rewrite.php(47): require_once('C:\\laragon\\www\\songs\\public\\index.php')
INFO - 2023-09-24 06:09:37 --> Session: Class initialized using 'CodeIgniter\Session\Handlers\FileHandler' driver.
INFO - 2023-09-24 06:14:13 --> Session: Class initialized using 'CodeIgniter\Session\Handlers\FileHandler' driver.
INFO - 2023-09-24 06:14:33 --> Session: Class initialized using 'CodeIgniter\Session\Handlers\FileHandler' driver.
CRITICAL - 2023-09-24 06:15:22 --> There is no data to insert.
in SYSTEMPATH\BaseModel.php on line 768.
 1 SYSTEMPATH\BaseModel.php(768): CodeIgniter\Database\Exceptions\DataException::forEmptyDataset('insert')
 2 SYSTEMPATH\Model.php(715): CodeIgniter\BaseModel->insert([], true)
 3 APPPATH\Controllers\MusicController.php(58): CodeIgniter\Model->insert([...])
 4 SYSTEMPATH\CodeIgniter.php(919): App\Controllers\MusicController->upload()
 5 SYSTEMPATH\CodeIgniter.php(494): CodeIgniter\CodeIgniter->runController(Object(App\Controllers\MusicController))
 6 SYSTEMPATH\CodeIgniter.php(353): CodeIgniter\CodeIgniter->handleRequest(null, Object(Config\Cache), false)
 7 FCPATH\index.php(79): CodeIgniter\CodeIgniter->run()
 8 SYSTEMPATH\Commands\Server\rewrite.php(47): require_once('C:\\laragon\\www\\songs\\public\\index.php')
CRITICAL - 2023-09-24 06:15:38 --> Call to undefined method App\Models\PlaylistMusicModel::upload
in SYSTEMPATH\Model.php on line 873.
 1 APPPATH\Controllers\MusicController.php(58): CodeIgniter\Model->__call('upload', [...])
 2 SYSTEMPATH\CodeIgniter.php(919): App\Controllers\MusicController->upload()
 3 SYSTEMPATH\CodeIgniter.php(494): CodeIgniter\CodeIgniter->runController(Object(App\Controllers\MusicController))
 4 SYSTEMPATH\CodeIgniter.php(353): CodeIgniter\CodeIgniter->handleRequest(null, Object(Config\Cache), false)
 5 FCPATH\index.php(79): CodeIgniter\CodeIgniter->run()
 6 SYSTEMPATH\Commands\Server\rewrite.php(47): require_once('C:\\laragon\\www\\songs\\public\\index.php')
CRITICAL - 2023-09-24 06:15:44 --> Call to undefined method App\Models\PlaylistMusicModel::upload
in SYSTEMPATH\Model.php on line 873.
 1 APPPATH\Controllers\MusicController.php(58): CodeIgniter\Model->__call('upload', [...])
 2 SYSTEMPATH\CodeIgniter.php(919): App\Controllers\MusicController->upload()
 3 SYSTEMPATH\CodeIgniter.php(494): CodeIgniter\CodeIgniter->runController(Object(App\Controllers\MusicController))
 4 SYSTEMPATH\CodeIgniter.php(353): CodeIgniter\CodeIgniter->handleRequest(null, Object(Config\Cache), false)
 5 FCPATH\index.php(79): CodeIgniter\CodeIgniter->run()
 6 SYSTEMPATH\Commands\Server\rewrite.php(47): require_once('C:\\laragon\\www\\songs\\public\\index.php')
CRITICAL - 2023-09-24 06:16:23 --> Undefined property: App\Controllers\MusicController::$MusicModel
in APPPATH\Controllers\MusicController.php on line 58.
 1 APPPATH\Controllers\MusicController.php(58): CodeIgniter\Debug\Exceptions->errorHandler(8, 'Undefined property: App\\Controllers\\MusicController::$MusicModel', 'C:\\laragon\\www\\songs\\app\\Controllers\\MusicController.php', 58, [...])
 2 SYSTEMPATH\CodeIgniter.php(919): App\Controllers\MusicController->upload()
 3 SYSTEMPATH\CodeIgniter.php(494): CodeIgniter\CodeIgniter->runController(Object(App\Controllers\MusicController))
 4 SYSTEMPATH\CodeIgniter.php(353): CodeIgniter\CodeIgniter->handleRequest(null, Object(Config\Cache), false)
 5 FCPATH\index.php(79): CodeIgniter\CodeIgniter->run()
 6 SYSTEMPATH\Commands\Server\rewrite.php(47): require_once('C:\\laragon\\www\\songs\\public\\index.php')
CRITICAL - 2023-09-24 06:16:38 --> There is no data to insert.
in SYSTEMPATH\BaseModel.php on line 768.
 1 SYSTEMPATH\BaseModel.php(768): CodeIgniter\Database\Exceptions\DataException::forEmptyDataset('insert')
 2 SYSTEMPATH\Model.php(715): CodeIgniter\BaseModel->insert([], true)
 3 APPPATH\Controllers\MusicController.php(58): CodeIgniter\Model->insert([...])
 4 SYSTEMPATH\CodeIgniter.php(919): App\Controllers\MusicController->upload()
 5 SYSTEMPATH\CodeIgniter.php(494): CodeIgniter\CodeIgniter->runController(Object(App\Controllers\MusicController))
 6 SYSTEMPATH\CodeIgniter.php(353): CodeIgniter\CodeIgniter->handleRequest(null, Object(Config\Cache), false)
 7 FCPATH\index.php(79): CodeIgniter\CodeIgniter->run()
 8 SYSTEMPATH\Commands\Server\rewrite.php(47): require_once('C:\\laragon\\www\\songs\\public\\index.php')
CRITICAL - 2023-09-24 06:19:33 --> There is no data to insert.
in SYSTEMPATH\BaseModel.php on line 768.
 1 SYSTEMPATH\BaseModel.php(768): CodeIgniter\Database\Exceptions\DataException::forEmptyDataset('insert')
 2 SYSTEMPATH\Model.php(715): CodeIgniter\BaseModel->insert([], true)
 3 APPPATH\Controllers\MusicController.php(58): CodeIgniter\Model->insert([...])
 4 SYSTEMPATH\CodeIgniter.php(919): App\Controllers\MusicController->upload()
 5 SYSTEMPATH\CodeIgniter.php(494): CodeIgniter\CodeIgniter->runController(Object(App\Controllers\MusicController))
 6 SYSTEMPATH\CodeIgniter.php(353): CodeIgniter\CodeIgniter->handleRequest(null, Object(Config\Cache), false)
 7 FCPATH\index.php(79): CodeIgniter\CodeIgniter->run()
 8 SYSTEMPATH\Commands\Server\rewrite.php(47): require_once('C:\\laragon\\www\\songs\\public\\index.php')
CRITICAL - 2023-09-24 06:21:37 --> There is no data to insert.
in SYSTEMPATH\BaseModel.php on line 768.
 1 SYSTEMPATH\BaseModel.php(768): CodeIgniter\Database\Exceptions\DataException::forEmptyDataset('insert')
 2 SYSTEMPATH\Model.php(715): CodeIgniter\BaseModel->insert([], true)
 3 APPPATH\Controllers\MusicController.php(58): CodeIgniter\Model->insert([...])
 4 SYSTEMPATH\CodeIgniter.php(919): App\Controllers\MusicController->upload()
 5 SYSTEMPATH\CodeIgniter.php(494): CodeIgniter\CodeIgniter->runController(Object(App\Controllers\MusicController))
 6 SYSTEMPATH\CodeIgniter.php(353): CodeIgniter\CodeIgniter->handleRequest(null, Object(Config\Cache), false)
 7 FCPATH\index.php(79): CodeIgniter\CodeIgniter->run()
 8 SYSTEMPATH\Commands\Server\rewrite.php(47): require_once('C:\\laragon\\www\\songs\\public\\index.php')
CRITICAL - 2023-09-24 06:21:48 --> There is no data to insert.
in SYSTEMPATH\BaseModel.php on line 768.
 1 SYSTEMPATH\BaseModel.php(768): CodeIgniter\Database\Exceptions\DataException::forEmptyDataset('insert')
 2 SYSTEMPATH\Model.php(715): CodeIgniter\BaseModel->insert([], true)
 3 APPPATH\Controllers\MusicController.php(58): CodeIgniter\Model->insert([...])
 4 SYSTEMPATH\CodeIgniter.php(919): App\Controllers\MusicController->upload()
 5 SYSTEMPATH\CodeIgniter.php(494): CodeIgniter\CodeIgniter->runController(Object(App\Controllers\MusicController))
 6 SYSTEMPATH\CodeIgniter.php(353): CodeIgniter\CodeIgniter->handleRequest(null, Object(Config\Cache), false)
 7 FCPATH\index.php(79): CodeIgniter\CodeIgniter->run()
 8 SYSTEMPATH\Commands\Server\rewrite.php(47): require_once('C:\\laragon\\www\\songs\\public\\index.php')
CRITICAL - 2023-09-24 06:24:37 --> There is no data to insert.
in SYSTEMPATH\BaseModel.php on line 768.
 1 SYSTEMPATH\BaseModel.php(768): CodeIgniter\Database\Exceptions\DataException::forEmptyDataset('insert')
 2 SYSTEMPATH\Model.php(715): CodeIgniter\BaseModel->insert([], true)
 3 APPPATH\Controllers\MusicController.php(58): CodeIgniter\Model->insert([...])
 4 SYSTEMPATH\CodeIgniter.php(919): App\Controllers\MusicController->upload()
 5 SYSTEMPATH\CodeIgniter.php(494): CodeIgniter\CodeIgniter->runController(Object(App\Controllers\MusicController))
 6 SYSTEMPATH\CodeIgniter.php(353): CodeIgniter\CodeIgniter->handleRequest(null, Object(Config\Cache), false)
 7 FCPATH\index.php(79): CodeIgniter\CodeIgniter->run()
 8 SYSTEMPATH\Commands\Server\rewrite.php(47): require_once('C:\\laragon\\www\\songs\\public\\index.php')
CRITICAL - 2023-09-24 06:24:43 --> There is no data to insert.
in SYSTEMPATH\BaseModel.php on line 768.
 1 SYSTEMPATH\BaseModel.php(768): CodeIgniter\Database\Exceptions\DataException::forEmptyDataset('insert')
 2 SYSTEMPATH\Model.php(715): CodeIgniter\BaseModel->insert([], true)
 3 APPPATH\Controllers\MusicController.php(58): CodeIgniter\Model->insert([...])
 4 SYSTEMPATH\CodeIgniter.php(919): App\Controllers\MusicController->upload()
 5 SYSTEMPATH\CodeIgniter.php(494): CodeIgniter\CodeIgniter->runController(Object(App\Controllers\MusicController))
 6 SYSTEMPATH\CodeIgniter.php(353): CodeIgniter\CodeIgniter->handleRequest(null, Object(Config\Cache), false)
 7 FCPATH\index.php(79): CodeIgniter\CodeIgniter->run()
 8 SYSTEMPATH\Commands\Server\rewrite.php(47): require_once('C:\\laragon\\www\\songs\\public\\index.php')
CRITICAL - 2023-09-24 06:25:08 --> There is no data to insert.
in SYSTEMPATH\BaseModel.php on line 768.
 1 SYSTEMPATH\BaseModel.php(768): CodeIgniter\Database\Exceptions\DataException::forEmptyDataset('insert')
 2 SYSTEMPATH\Model.php(715): CodeIgniter\BaseModel->insert([], true)
 3 APPPATH\Controllers\MusicController.php(58): CodeIgniter\Model->insert([...])
 4 SYSTEMPATH\CodeIgniter.php(919): App\Controllers\MusicController->upload()
 5 SYSTEMPATH\CodeIgniter.php(494): CodeIgniter\CodeIgniter->runController(Object(App\Controllers\MusicController))
 6 SYSTEMPATH\CodeIgniter.php(353): CodeIgniter\CodeIgniter->handleRequest(null, Object(Config\Cache), false)
 7 FCPATH\index.php(79): CodeIgniter\CodeIgniter->run()
 8 SYSTEMPATH\Commands\Server\rewrite.php(47): require_once('C:\\laragon\\www\\songs\\public\\index.php')
CRITICAL - 2023-09-24 06:26:33 --> There is no data to insert.
in SYSTEMPATH\BaseModel.php on line 768.
 1 SYSTEMPATH\BaseModel.php(768): CodeIgniter\Database\Exceptions\DataException::forEmptyDataset('insert')
 2 SYSTEMPATH\Model.php(715): CodeIgniter\BaseModel->insert([], true)
 3 APPPATH\Controllers\MusicController.php(58): CodeIgniter\Model->insert([...])
 4 SYSTEMPATH\CodeIgniter.php(919): App\Controllers\MusicController->upload()
 5 SYSTEMPATH\CodeIgniter.php(494): CodeIgniter\CodeIgniter->runController(Object(App\Controllers\MusicController))
 6 SYSTEMPATH\CodeIgniter.php(353): CodeIgniter\CodeIgniter->handleRequest(null, Object(Config\Cache), false)
 7 FCPATH\index.php(79): CodeIgniter\CodeIgniter->run()
 8 SYSTEMPATH\Commands\Server\rewrite.php(47): require_once('C:\\laragon\\www\\songs\\public\\index.php')
CRITICAL - 2023-09-24 06:26:38 --> There is no data to insert.
in SYSTEMPATH\BaseModel.php on line 768.
 1 SYSTEMPATH\BaseModel.php(768): CodeIgniter\Database\Exceptions\DataException::forEmptyDataset('insert')
 2 SYSTEMPATH\Model.php(715): CodeIgniter\BaseModel->insert([], true)
 3 APPPATH\Controllers\MusicController.php(58): CodeIgniter\Model->insert([...])
 4 SYSTEMPATH\CodeIgniter.php(919): App\Controllers\MusicController->upload()
 5 SYSTEMPATH\CodeIgniter.php(494): CodeIgniter\CodeIgniter->runController(Object(App\Controllers\MusicController))
 6 SYSTEMPATH\CodeIgniter.php(353): CodeIgniter\CodeIgniter->handleRequest(null, Object(Config\Cache), false)
 7 FCPATH\index.php(79): CodeIgniter\CodeIgniter->run()
 8 SYSTEMPATH\Commands\Server\rewrite.php(47): require_once('C:\\laragon\\www\\songs\\public\\index.php')
CRITICAL - 2023-09-24 06:27:23 --> Call to undefined method App\Models\PlaylistMusicModel::upload
in SYSTEMPATH\Model.php on line 873.
 1 APPPATH\Controllers\MusicController.php(58): CodeIgniter\Model->__call('upload', [...])
 2 SYSTEMPATH\CodeIgniter.php(919): App\Controllers\MusicController->upload()
 3 SYSTEMPATH\CodeIgniter.php(494): CodeIgniter\CodeIgniter->runController(Object(App\Controllers\MusicController))
 4 SYSTEMPATH\CodeIgniter.php(353): CodeIgniter\CodeIgniter->handleRequest(null, Object(Config\Cache), false)
 5 FCPATH\index.php(79): CodeIgniter\CodeIgniter->run()
 6 SYSTEMPATH\Commands\Server\rewrite.php(47): require_once('C:\\laragon\\www\\songs\\public\\index.php')
CRITICAL - 2023-09-24 06:29:25 --> Cannot redeclare App\Controllers\MusicController::upload()
in APPPATH\Controllers\MusicController.php on line 42.
 1 [internal function]: CodeIgniter\Debug\Exceptions->shutdownHandler()
CRITICAL - 2023-09-24 06:33:26 --> Call to undefined method App\Models\PlaylistMusicModel::upload
in SYSTEMPATH\Model.php on line 873.
 1 APPPATH\Controllers\MusicController.php(58): CodeIgniter\Model->__call('upload', [...])
 2 SYSTEMPATH\CodeIgniter.php(919): App\Controllers\MusicController->upload()
 3 SYSTEMPATH\CodeIgniter.php(494): CodeIgniter\CodeIgniter->runController(Object(App\Controllers\MusicController))
 4 SYSTEMPATH\CodeIgniter.php(353): CodeIgniter\CodeIgniter->handleRequest(null, Object(Config\Cache), false)
 5 FCPATH\index.php(79): CodeIgniter\CodeIgniter->run()
 6 SYSTEMPATH\Commands\Server\rewrite.php(47): require_once('C:\\laragon\\www\\songs\\public\\index.php')
CRITICAL - 2023-09-24 06:39:55 --> Call to undefined method App\Models\PlaylistMusicModel::upload
in SYSTEMPATH\Model.php on line 873.
 1 APPPATH\Controllers\MusicController.php(58): CodeIgniter\Model->__call('upload', [...])
 2 SYSTEMPATH\CodeIgniter.php(919): App\Controllers\MusicController->upload()
 3 SYSTEMPATH\CodeIgniter.php(494): CodeIgniter\CodeIgniter->runController(Object(App\Controllers\MusicController))
 4 SYSTEMPATH\CodeIgniter.php(353): CodeIgniter\CodeIgniter->handleRequest(null, Object(Config\Cache), false)
 5 FCPATH\index.php(79): CodeIgniter\CodeIgniter->run()
 6 SYSTEMPATH\Commands\Server\rewrite.php(47): require_once('C:\\laragon\\www\\songs\\public\\index.php')
CRITICAL - 2023-09-24 06:40:47 --> Call to undefined method App\Models\PlaylistMusicModel::upload
in SYSTEMPATH\Model.php on line 873.
 1 APPPATH\Controllers\MusicController.php(58): CodeIgniter\Model->__call('upload', [...])
 2 SYSTEMPATH\CodeIgniter.php(919): App\Controllers\MusicController->upload()
 3 SYSTEMPATH\CodeIgniter.php(494): CodeIgniter\CodeIgniter->runController(Object(App\Controllers\MusicController))
 4 SYSTEMPATH\CodeIgniter.php(353): CodeIgniter\CodeIgniter->handleRequest(null, Object(Config\Cache), false)
 5 FCPATH\index.php(79): CodeIgniter\CodeIgniter->run()
 6 SYSTEMPATH\Commands\Server\rewrite.php(47): require_once('C:\\laragon\\www\\songs\\public\\index.php')
CRITICAL - 2023-09-24 06:41:27 --> Call to a member function upload() on null
in APPPATH\Controllers\MusicController.php on line 52.
 1 SYSTEMPATH\CodeIgniter.php(919): App\Controllers\MusicController->upload()
 2 SYSTEMPATH\CodeIgniter.php(494): CodeIgniter\CodeIgniter->runController(Object(App\Controllers\MusicController))
 3 SYSTEMPATH\CodeIgniter.php(353): CodeIgniter\CodeIgniter->handleRequest(null, Object(Config\Cache), false)
 4 FCPATH\index.php(79): CodeIgniter\CodeIgniter->run()
 5 SYSTEMPATH\Commands\Server\rewrite.php(47): require_once('C:\\laragon\\www\\songs\\public\\index.php')
CRITICAL - 2023-09-24 06:44:56 --> Call to a member function model() on null
in APPPATH\Controllers\MusicController.php on line 15.
 1 SYSTEMPATH\CodeIgniter.php(891): App\Controllers\MusicController->__construct()
 2 SYSTEMPATH\CodeIgniter.php(485): CodeIgniter\CodeIgniter->createController()
 3 SYSTEMPATH\CodeIgniter.php(353): CodeIgniter\CodeIgniter->handleRequest(null, Object(Config\Cache), false)
 4 FCPATH\index.php(79): CodeIgniter\CodeIgniter->run()
 5 SYSTEMPATH\Commands\Server\rewrite.php(47): require_once('C:\\laragon\\www\\songs\\public\\index.php')
CRITICAL - 2023-09-24 06:44:58 --> Call to a member function model() on null
in APPPATH\Controllers\MusicController.php on line 15.
 1 SYSTEMPATH\CodeIgniter.php(891): App\Controllers\MusicController->__construct()
 2 SYSTEMPATH\CodeIgniter.php(485): CodeIgniter\CodeIgniter->createController()
 3 SYSTEMPATH\CodeIgniter.php(353): CodeIgniter\CodeIgniter->handleRequest(null, Object(Config\Cache), false)
 4 FCPATH\index.php(79): CodeIgniter\CodeIgniter->run()
 5 SYSTEMPATH\Commands\Server\rewrite.php(47): require_once('C:\\laragon\\www\\songs\\public\\index.php')
CRITICAL - 2023-09-24 06:45:00 --> Call to a member function model() on null
in APPPATH\Controllers\MusicController.php on line 15.
 1 SYSTEMPATH\CodeIgniter.php(891): App\Controllers\MusicController->__construct()
 2 SYSTEMPATH\CodeIgniter.php(485): CodeIgniter\CodeIgniter->createController()
 3 SYSTEMPATH\CodeIgniter.php(353): CodeIgniter\CodeIgniter->handleRequest(null, Object(Config\Cache), false)
 4 FCPATH\index.php(79): CodeIgniter\CodeIgniter->run()
 5 SYSTEMPATH\Commands\Server\rewrite.php(47): require_once('C:\\laragon\\www\\songs\\public\\index.php')
CRITICAL - 2023-09-24 06:45:08 --> Call to a member function model() on null
in APPPATH\Controllers\MusicController.php on line 15.
 1 SYSTEMPATH\CodeIgniter.php(891): App\Controllers\MusicController->__construct()
 2 SYSTEMPATH\CodeIgniter.php(485): CodeIgniter\CodeIgniter->createController()
 3 SYSTEMPATH\CodeIgniter.php(353): CodeIgniter\CodeIgniter->handleRequest(null, Object(Config\Cache), false)
 4 FCPATH\index.php(79): CodeIgniter\CodeIgniter->run()
 5 SYSTEMPATH\Commands\Server\rewrite.php(47): require_once('C:\\laragon\\www\\songs\\public\\index.php')
CRITICAL - 2023-09-24 06:47:48 --> Call to undefined method App\Models\PlaylistMusicModel::model
in SYSTEMPATH\Model.php on line 873.
 1 APPPATH\Controllers\MusicController.php(15): CodeIgniter\Model->__call('model', [...])
 2 SYSTEMPATH\CodeIgniter.php(891): App\Controllers\MusicController->__construct()
 3 SYSTEMPATH\CodeIgniter.php(485): CodeIgniter\CodeIgniter->createController()
 4 SYSTEMPATH\CodeIgniter.php(353): CodeIgniter\CodeIgniter->handleRequest(null, Object(Config\Cache), false)
 5 FCPATH\index.php(79): CodeIgniter\CodeIgniter->run()
 6 SYSTEMPATH\Commands\Server\rewrite.php(47): require_once('C:\\laragon\\www\\songs\\public\\index.php')
CRITICAL - 2023-09-24 07:02:10 --> There is no data to insert.
in SYSTEMPATH\BaseModel.php on line 768.
 1 SYSTEMPATH\BaseModel.php(768): CodeIgniter\Database\Exceptions\DataException::forEmptyDataset('insert')
 2 SYSTEMPATH\Model.php(715): CodeIgniter\BaseModel->insert([], false)
 3 SYSTEMPATH\BaseModel.php(698): CodeIgniter\Model->insert([...], false)
 4 APPPATH\Controllers\MusicController.php(82): CodeIgniter\BaseModel->save([...])
 5 SYSTEMPATH\CodeIgniter.php(919): App\Controllers\MusicController->create()
 6 SYSTEMPATH\CodeIgniter.php(494): CodeIgniter\CodeIgniter->runController(Object(App\Controllers\MusicController))
 7 SYSTEMPATH\CodeIgniter.php(353): CodeIgniter\CodeIgniter->handleRequest(null, Object(Config\Cache), false)
 8 FCPATH\index.php(79): CodeIgniter\CodeIgniter->run()
 9 SYSTEMPATH\Commands\Server\rewrite.php(47): require_once('C:\\laragon\\www\\songs\\public\\index.php')
CRITICAL - 2023-09-24 07:03:06 --> There is no data to insert.
in SYSTEMPATH\BaseModel.php on line 768.
 1 SYSTEMPATH\BaseModel.php(768): CodeIgniter\Database\Exceptions\DataException::forEmptyDataset('insert')
 2 SYSTEMPATH\Model.php(715): CodeIgniter\BaseModel->insert([], false)
 3 SYSTEMPATH\BaseModel.php(698): CodeIgniter\Model->insert([...], false)
 4 APPPATH\Controllers\MusicController.php(80): CodeIgniter\BaseModel->save([...])
 5 SYSTEMPATH\CodeIgniter.php(919): App\Controllers\MusicController->create()
 6 SYSTEMPATH\CodeIgniter.php(494): CodeIgniter\CodeIgniter->runController(Object(App\Controllers\MusicController))
 7 SYSTEMPATH\CodeIgniter.php(353): CodeIgniter\CodeIgniter->handleRequest(null, Object(Config\Cache), false)
 8 FCPATH\index.php(79): CodeIgniter\CodeIgniter->run()
 9 SYSTEMPATH\Commands\Server\rewrite.php(47): require_once('C:\\laragon\\www\\songs\\public\\index.php')
CRITICAL - 2023-09-24 07:04:02 --> There is no data to insert.
in SYSTEMPATH\BaseModel.php on line 768.
 1 SYSTEMPATH\BaseModel.php(768): CodeIgniter\Database\Exceptions\DataException::forEmptyDataset('insert')
 2 SYSTEMPATH\Model.php(715): CodeIgniter\BaseModel->insert([], false)
 3 SYSTEMPATH\BaseModel.php(698): CodeIgniter\Model->insert([...], false)
 4 APPPATH\Controllers\MusicController.php(80): CodeIgniter\BaseModel->save([...])
 5 SYSTEMPATH\CodeIgniter.php(919): App\Controllers\MusicController->create()
 6 SYSTEMPATH\CodeIgniter.php(494): CodeIgniter\CodeIgniter->runController(Object(App\Controllers\MusicController))
 7 SYSTEMPATH\CodeIgniter.php(353): CodeIgniter\CodeIgniter->handleRequest(null, Object(Config\Cache), false)
 8 FCPATH\index.php(79): CodeIgniter\CodeIgniter->run()
 9 SYSTEMPATH\Commands\Server\rewrite.php(47): require_once('C:\\laragon\\www\\songs\\public\\index.php')
CRITICAL - 2023-09-24 07:09:15 --> There is no data to insert.
in SYSTEMPATH\BaseModel.php on line 768.
 1 SYSTEMPATH\BaseModel.php(768): CodeIgniter\Database\Exceptions\DataException::forEmptyDataset('insert')
 2 SYSTEMPATH\Model.php(715): CodeIgniter\BaseModel->insert([], false)
 3 SYSTEMPATH\BaseModel.php(698): CodeIgniter\Model->insert([...], false)
 4 APPPATH\Controllers\MusicController.php(80): CodeIgniter\BaseModel->save([...])
 5 SYSTEMPATH\CodeIgniter.php(919): App\Controllers\MusicController->create()
 6 SYSTEMPATH\CodeIgniter.php(494): CodeIgniter\CodeIgniter->runController(Object(App\Controllers\MusicController))
 7 SYSTEMPATH\CodeIgniter.php(353): CodeIgniter\CodeIgniter->handleRequest(null, Object(Config\Cache), false)
 8 FCPATH\index.php(79): CodeIgniter\CodeIgniter->run()
 9 SYSTEMPATH\Commands\Server\rewrite.php(47): require_once('C:\\laragon\\www\\songs\\public\\index.php')
CRITICAL - 2023-09-24 07:11:26 --> There is no data to insert.
in SYSTEMPATH\BaseModel.php on line 768.
 1 SYSTEMPATH\BaseModel.php(768): CodeIgniter\Database\Exceptions\DataException::forEmptyDataset('insert')
 2 SYSTEMPATH\Model.php(715): CodeIgniter\BaseModel->insert([], false)
 3 SYSTEMPATH\BaseModel.php(698): CodeIgniter\Model->insert([...], false)
 4 APPPATH\Controllers\MusicController.php(80): CodeIgniter\BaseModel->save([...])
 5 SYSTEMPATH\CodeIgniter.php(919): App\Controllers\MusicController->create()
 6 SYSTEMPATH\CodeIgniter.php(494): CodeIgniter\CodeIgniter->runController(Object(App\Controllers\MusicController))
 7 SYSTEMPATH\CodeIgniter.php(353): CodeIgniter\CodeIgniter->handleRequest(null, Object(Config\Cache), false)
 8 FCPATH\index.php(79): CodeIgniter\CodeIgniter->run()
 9 SYSTEMPATH\Commands\Server\rewrite.php(47): require_once('C:\\laragon\\www\\songs\\public\\index.php')
CRITICAL - 2023-09-24 07:11:32 --> Call to undefined method App\Models\PlaylistMusicModel::create
in SYSTEMPATH\Model.php on line 873.
 1 APPPATH\Controllers\MusicController.php(78): CodeIgniter\Model->__call('create', [...])
 2 SYSTEMPATH\CodeIgniter.php(919): App\Controllers\MusicController->create()
 3 SYSTEMPATH\CodeIgniter.php(494): CodeIgniter\CodeIgniter->runController(Object(App\Controllers\MusicController))
 4 SYSTEMPATH\CodeIgniter.php(353): CodeIgniter\CodeIgniter->handleRequest(null, Object(Config\Cache), false)
 5 FCPATH\index.php(79): CodeIgniter\CodeIgniter->run()
 6 SYSTEMPATH\Commands\Server\rewrite.php(47): require_once('C:\\laragon\\www\\songs\\public\\index.php')
CRITICAL - 2023-09-24 08:05:57 --> Undefined variable: playlist
in APPPATH\Views\song.php on line 75.
 1 APPPATH\Views\song.php(75): CodeIgniter\Debug\Exceptions->errorHandler(8, 'Undefined variable: playlist', 'C:\\laragon\\www\\songs\\app\\Views\\song.php', 75, [])
 2 SYSTEMPATH\View\View.php(226): include('C:\\laragon\\www\\songs\\app\\Views\\song.php')
 3 SYSTEMPATH\View\View.php(229): CodeIgniter\View\View->CodeIgniter\View\{closure}()
 4 SYSTEMPATH\Common.php(1188): CodeIgniter\View\View->render('song', [], true)
 5 APPPATH\Controllers\MusicController.php(21): view('song')
 6 SYSTEMPATH\CodeIgniter.php(919): App\Controllers\MusicController->jemalyn()
 7 SYSTEMPATH\CodeIgniter.php(494): CodeIgniter\CodeIgniter->runController(Object(App\Controllers\MusicController))
 8 SYSTEMPATH\CodeIgniter.php(353): CodeIgniter\CodeIgniter->handleRequest(null, Object(Config\Cache), false)
 9 FCPATH\index.php(79): CodeIgniter\CodeIgniter->run()
10 SYSTEMPATH\Commands\Server\rewrite.php(47): require_once('C:\\laragon\\www\\songs\\public\\index.php')
CRITICAL - 2023-09-24 08:06:04 --> Undefined variable: playlist
in APPPATH\Views\song.php on line 75.
 1 APPPATH\Views\song.php(75): CodeIgniter\Debug\Exceptions->errorHandler(8, 'Undefined variable: playlist', 'C:\\laragon\\www\\songs\\app\\Views\\song.php', 75, [])
 2 SYSTEMPATH\View\View.php(226): include('C:\\laragon\\www\\songs\\app\\Views\\song.php')
 3 SYSTEMPATH\View\View.php(229): CodeIgniter\View\View->CodeIgniter\View\{closure}()
 4 SYSTEMPATH\Common.php(1188): CodeIgniter\View\View->render('song', [], true)
 5 APPPATH\Controllers\MusicController.php(21): view('song')
 6 SYSTEMPATH\CodeIgniter.php(919): App\Controllers\MusicController->jemalyn()
 7 SYSTEMPATH\CodeIgniter.php(494): CodeIgniter\CodeIgniter->runController(Object(App\Controllers\MusicController))
 8 SYSTEMPATH\CodeIgniter.php(353): CodeIgniter\CodeIgniter->handleRequest(null, Object(Config\Cache), false)
 9 FCPATH\index.php(79): CodeIgniter\CodeIgniter->run()
10 SYSTEMPATH\Commands\Server\rewrite.php(47): require_once('C:\\laragon\\www\\songs\\public\\index.php')
CRITICAL - 2023-09-24 08:06:44 --> Undefined variable: playlist
in APPPATH\Views\song.php on line 75.
 1 APPPATH\Views\song.php(75): CodeIgniter\Debug\Exceptions->errorHandler(8, 'Undefined variable: playlist', 'C:\\laragon\\www\\songs\\app\\Views\\song.php', 75, [])
 2 SYSTEMPATH\View\View.php(226): include('C:\\laragon\\www\\songs\\app\\Views\\song.php')
 3 SYSTEMPATH\View\View.php(229): CodeIgniter\View\View->CodeIgniter\View\{closure}()
 4 SYSTEMPATH\Common.php(1188): CodeIgniter\View\View->render('song', [], true)
 5 APPPATH\Controllers\MusicController.php(21): view('song')
 6 SYSTEMPATH\CodeIgniter.php(919): App\Controllers\MusicController->jemalyn()
 7 SYSTEMPATH\CodeIgniter.php(494): CodeIgniter\CodeIgniter->runController(Object(App\Controllers\MusicController))
 8 SYSTEMPATH\CodeIgniter.php(353): CodeIgniter\CodeIgniter->handleRequest(null, Object(Config\Cache), false)
 9 FCPATH\index.php(79): CodeIgniter\CodeIgniter->run()
10 SYSTEMPATH\Commands\Server\rewrite.php(47): require_once('C:\\laragon\\www\\songs\\public\\index.php')
CRITICAL - 2023-09-24 08:07:32 --> Undefined variable: playlists
in APPPATH\Views\song.php on line 75.
 1 APPPATH\Views\song.php(75): CodeIgniter\Debug\Exceptions->errorHandler(8, 'Undefined variable: playlists', 'C:\\laragon\\www\\songs\\app\\Views\\song.php', 75, [])
 2 SYSTEMPATH\View\View.php(226): include('C:\\laragon\\www\\songs\\app\\Views\\song.php')
 3 SYSTEMPATH\View\View.php(229): CodeIgniter\View\View->CodeIgniter\View\{closure}()
 4 SYSTEMPATH\Common.php(1188): CodeIgniter\View\View->render('song', [], true)
 5 APPPATH\Controllers\MusicController.php(21): view('song')
 6 SYSTEMPATH\CodeIgniter.php(919): App\Controllers\MusicController->jemalyn()
 7 SYSTEMPATH\CodeIgniter.php(494): CodeIgniter\CodeIgniter->runController(Object(App\Controllers\MusicController))
 8 SYSTEMPATH\CodeIgniter.php(353): CodeIgniter\CodeIgniter->handleRequest(null, Object(Config\Cache), false)
 9 FCPATH\index.php(79): CodeIgniter\CodeIgniter->run()
10 SYSTEMPATH\Commands\Server\rewrite.php(47): require_once('C:\\laragon\\www\\songs\\public\\index.php')
CRITICAL - 2023-09-24 08:07:35 --> Undefined variable: playlists
in APPPATH\Views\song.php on line 75.
 1 APPPATH\Views\song.php(75): CodeIgniter\Debug\Exceptions->errorHandler(8, 'Undefined variable: playlists', 'C:\\laragon\\www\\songs\\app\\Views\\song.php', 75, [])
 2 SYSTEMPATH\View\View.php(226): include('C:\\laragon\\www\\songs\\app\\Views\\song.php')
 3 SYSTEMPATH\View\View.php(229): CodeIgniter\View\View->CodeIgniter\View\{closure}()
 4 SYSTEMPATH\Common.php(1188): CodeIgniter\View\View->render('song', [], true)
 5 APPPATH\Controllers\MusicController.php(21): view('song')
 6 SYSTEMPATH\CodeIgniter.php(919): App\Controllers\MusicController->jemalyn()
 7 SYSTEMPATH\CodeIgniter.php(494): CodeIgniter\CodeIgniter->runController(Object(App\Controllers\MusicController))
 8 SYSTEMPATH\CodeIgniter.php(353): CodeIgniter\CodeIgniter->handleRequest(null, Object(Config\Cache), false)
 9 FCPATH\index.php(79): CodeIgniter\CodeIgniter->run()
10 SYSTEMPATH\Commands\Server\rewrite.php(47): require_once('C:\\laragon\\www\\songs\\public\\index.php')
CRITICAL - 2023-09-24 08:18:34 --> Undefined variable: playlists
in APPPATH\Views\song.php on line 75.
 1 APPPATH\Views\song.php(75): CodeIgniter\Debug\Exceptions->errorHandler(8, 'Undefined variable: playlists', 'C:\\laragon\\www\\songs\\app\\Views\\song.php', 75, [])
 2 SYSTEMPATH\View\View.php(226): include('C:\\laragon\\www\\songs\\app\\Views\\song.php')
 3 SYSTEMPATH\View\View.php(229): CodeIgniter\View\View->CodeIgniter\View\{closure}()
 4 SYSTEMPATH\Common.php(1188): CodeIgniter\View\View->render('song', [], true)
 5 APPPATH\Controllers\MusicController.php(21): view('song')
 6 SYSTEMPATH\CodeIgniter.php(919): App\Controllers\MusicController->jemalyn()
 7 SYSTEMPATH\CodeIgniter.php(494): CodeIgniter\CodeIgniter->runController(Object(App\Controllers\MusicController))
 8 SYSTEMPATH\CodeIgniter.php(353): CodeIgniter\CodeIgniter->handleRequest(null, Object(Config\Cache), false)
 9 FCPATH\index.php(79): CodeIgniter\CodeIgniter->run()
10 SYSTEMPATH\Commands\Server\rewrite.php(47): require_once('C:\\laragon\\www\\songs\\public\\index.php')
CRITICAL - 2023-09-24 08:19:20 --> Undefined variable: play
in APPPATH\Views\song.php on line 76.
 1 APPPATH\Views\song.php(76): CodeIgniter\Debug\Exceptions->errorHandler(8, 'Undefined variable: play', 'C:\\laragon\\www\\songs\\app\\Views\\song.php', 76, [])
 2 SYSTEMPATH\View\View.php(226): include('C:\\laragon\\www\\songs\\app\\Views\\song.php')
 3 SYSTEMPATH\View\View.php(229): CodeIgniter\View\View->CodeIgniter\View\{closure}()
 4 SYSTEMPATH\Common.php(1188): CodeIgniter\View\View->render('song', [], true)
 5 APPPATH\Controllers\MusicController.php(21): view('song')
 6 SYSTEMPATH\CodeIgniter.php(919): App\Controllers\MusicController->jemalyn()
 7 SYSTEMPATH\CodeIgniter.php(494): CodeIgniter\CodeIgniter->runController(Object(App\Controllers\MusicController))
 8 SYSTEMPATH\CodeIgniter.php(353): CodeIgniter\CodeIgniter->handleRequest(null, Object(Config\Cache), false)
 9 FCPATH\index.php(79): CodeIgniter\CodeIgniter->run()
10 SYSTEMPATH\Commands\Server\rewrite.php(47): require_once('C:\\laragon\\www\\songs\\public\\index.php')
CRITICAL - 2023-09-24 08:19:33 --> Undefined variable: playlists
in APPPATH\Views\song.php on line 75.
 1 APPPATH\Views\song.php(75): CodeIgniter\Debug\Exceptions->errorHandler(8, 'Undefined variable: playlists', 'C:\\laragon\\www\\songs\\app\\Views\\song.php', 75, [])
 2 SYSTEMPATH\View\View.php(226): include('C:\\laragon\\www\\songs\\app\\Views\\song.php')
 3 SYSTEMPATH\View\View.php(229): CodeIgniter\View\View->CodeIgniter\View\{closure}()
 4 SYSTEMPATH\Common.php(1188): CodeIgniter\View\View->render('song', [], true)
 5 APPPATH\Controllers\MusicController.php(21): view('song')
 6 SYSTEMPATH\CodeIgniter.php(919): App\Controllers\MusicController->jemalyn()
 7 SYSTEMPATH\CodeIgniter.php(494): CodeIgniter\CodeIgniter->runController(Object(App\Controllers\MusicController))
 8 SYSTEMPATH\CodeIgniter.php(353): CodeIgniter\CodeIgniter->handleRequest(null, Object(Config\Cache), false)
 9 FCPATH\index.php(79): CodeIgniter\CodeIgniter->run()
10 SYSTEMPATH\Commands\Server\rewrite.php(47): require_once('C:\\laragon\\www\\songs\\public\\index.php')
CRITICAL - 2023-09-24 08:20:30 --> Undefined variable: music
in APPPATH\Views\song.php on line 104.
 1 APPPATH\Views\song.php(104): CodeIgniter\Debug\Exceptions->errorHandler(8, 'Undefined variable: music', 'C:\\laragon\\www\\songs\\app\\Views\\song.php', 104, [])
 2 SYSTEMPATH\View\View.php(226): include('C:\\laragon\\www\\songs\\app\\Views\\song.php')
 3 SYSTEMPATH\View\View.php(229): CodeIgniter\View\View->CodeIgniter\View\{closure}()
 4 SYSTEMPATH\Common.php(1188): CodeIgniter\View\View->render('song', [], true)
 5 APPPATH\Controllers\MusicController.php(21): view('song')
 6 SYSTEMPATH\CodeIgniter.php(919): App\Controllers\MusicController->jemalyn()
 7 SYSTEMPATH\CodeIgniter.php(494): CodeIgniter\CodeIgniter->runController(Object(App\Controllers\MusicController))
 8 SYSTEMPATH\CodeIgniter.php(353): CodeIgniter\CodeIgniter->handleRequest(null, Object(Config\Cache), false)
 9 FCPATH\index.php(79): CodeIgniter\CodeIgniter->run()
10 SYSTEMPATH\Commands\Server\rewrite.php(47): require_once('C:\\laragon\\www\\songs\\public\\index.php')
ERROR - 2023-09-24 08:36:21 --> Error connecting to the database: mysqli_sql_exception: Access denied for user ''@'localhost' (using password: NO) in C:\laragon\www\songs\system\Database\MySQLi\Connection.php:185
Stack trace:
#0 C:\laragon\www\songs\system\Database\MySQLi\Connection.php(185): mysqli->real_connect('localhost', '', '', 'songs', 3306, '', 0)
#1 C:\laragon\www\songs\system\Database\BaseConnection.php(391): CodeIgniter\Database\MySQLi\Connection->connect(false)
#2 C:\laragon\www\songs\system\Database\BaseConnection.php(574): CodeIgniter\Database\BaseConnection->initialize()
#3 C:\laragon\www\songs\system\Database\BaseBuilder.php(1615): CodeIgniter\Database\BaseConnection->query('SELECT *\nFROM `...', Array, false)
#4 C:\laragon\www\songs\system\Model.php(237): CodeIgniter\Database\BaseBuilder->get()
#5 C:\laragon\www\songs\system\BaseModel.php(624): CodeIgniter\Model->doFindAll(0, 0)
#6 C:\laragon\www\songs\app\Controllers\MusicController.php(30): CodeIgniter\BaseModel->findAll()
#7 C:\laragon\www\songs\system\CodeIgniter.php(919): App\Controllers\MusicController->jemalyn()
#8 C:\laragon\www\songs\system\CodeIgniter.php(494): CodeIgniter\CodeIgniter->runController(Object(App\Controllers\MusicController))
#9 C:\laragon\www\songs\system\CodeIgniter.php(353): CodeIgniter\CodeIgniter->handleRequest(NULL, Object(Config\Cache), false)
#10 C:\laragon\www\songs\public\index.php(79): CodeIgniter\CodeIgniter->run()
#11 C:\laragon\www\songs\system\Commands\Server\rewrite.php(47): require_once('C:\\laragon\\www\\...')
#12 {main}

Next CodeIgniter\Database\Exceptions\DatabaseException: Access denied for user ''@'localhost' (using password: NO) in C:\laragon\www\songs\system\Database\MySQLi\Connection.php:229
Stack trace:
#0 C:\laragon\www\songs\system\Database\BaseConnection.php(391): CodeIgniter\Database\MySQLi\Connection->connect(false)
#1 C:\laragon\www\songs\system\Database\BaseConnection.php(574): CodeIgniter\Database\BaseConnection->initialize()
#2 C:\laragon\www\songs\system\Database\BaseBuilder.php(1615): CodeIgniter\Database\BaseConnection->query('SELECT *\nFROM `...', Array, false)
#3 C:\laragon\www\songs\system\Model.php(237): CodeIgniter\Database\BaseBuilder->get()
#4 C:\laragon\www\songs\system\BaseModel.php(624): CodeIgniter\Model->doFindAll(0, 0)
#5 C:\laragon\www\songs\app\Controllers\MusicController.php(30): CodeIgniter\BaseModel->findAll()
#6 C:\laragon\www\songs\system\CodeIgniter.php(919): App\Controllers\MusicController->jemalyn()
#7 C:\laragon\www\songs\system\CodeIgniter.php(494): CodeIgniter\CodeIgniter->runController(Object(App\Controllers\MusicController))
#8 C:\laragon\www\songs\system\CodeIgniter.php(353): CodeIgniter\CodeIgniter->handleRequest(NULL, Object(Config\Cache), false)
#9 C:\laragon\www\songs\public\index.php(79): CodeIgniter\CodeIgniter->run()
#10 C:\laragon\www\songs\system\Commands\Server\rewrite.php(47): require_once('C:\\laragon\\www\\...')
#11 {main}
CRITICAL - 2023-09-24 08:36:21 --> Unable to connect to the database.
Main connection [MySQLi]: Access denied for user ''@'localhost' (using password: NO)
in SYSTEMPATH\Database\BaseConnection.php on line 427.
 1 SYSTEMPATH\Database\BaseConnection.php(574): CodeIgniter\Database\BaseConnection->initialize()
 2 SYSTEMPATH\Database\BaseBuilder.php(1615): CodeIgniter\Database\BaseConnection->query('SELECT *
FROM `playlists`', [], false)
 3 SYSTEMPATH\Model.php(237): CodeIgniter\Database\BaseBuilder->get()
 4 SYSTEMPATH\BaseModel.php(624): CodeIgniter\Model->doFindAll(0, 0)
 5 APPPATH\Controllers\MusicController.php(30): CodeIgniter\BaseModel->findAll()
 6 SYSTEMPATH\CodeIgniter.php(919): App\Controllers\MusicController->jemalyn()
 7 SYSTEMPATH\CodeIgniter.php(494): CodeIgniter\CodeIgniter->runController(Object(App\Controllers\MusicController))
 8 SYSTEMPATH\CodeIgniter.php(353): CodeIgniter\CodeIgniter->handleRequest(null, Object(Config\Cache), false)
 9 FCPATH\index.php(79): CodeIgniter\CodeIgniter->run()
10 SYSTEMPATH\Commands\Server\rewrite.php(47): require_once('C:\\laragon\\www\\songs\\public\\index.php')
CRITICAL - 2023-09-24 08:37:38 --> Invalid file: "player,$data.php"
in SYSTEMPATH\Exceptions\FrameworkException.php on line 39.
 1 SYSTEMPATH\View\View.php(214): CodeIgniter\Exceptions\FrameworkException::forInvalidFile('player,$data.php')
 2 SYSTEMPATH\Common.php(1188): CodeIgniter\View\View->render('player,$data', [], true)
 3 APPPATH\Controllers\MusicController.php(32): view('player,$data')
 4 SYSTEMPATH\CodeIgniter.php(919): App\Controllers\MusicController->jemalyn()
 5 SYSTEMPATH\CodeIgniter.php(494): CodeIgniter\CodeIgniter->runController(Object(App\Controllers\MusicController))
 6 SYSTEMPATH\CodeIgniter.php(353): CodeIgniter\CodeIgniter->handleRequest(null, Object(Config\Cache), false)
 7 FCPATH\index.php(79): CodeIgniter\CodeIgniter->run()
 8 SYSTEMPATH\Commands\Server\rewrite.php(47): require_once('C:\\laragon\\www\\songs\\public\\index.php')
CRITICAL - 2023-09-24 08:37:42 --> Invalid file: "player,$data.php"
in SYSTEMPATH\Exceptions\FrameworkException.php on line 39.
 1 SYSTEMPATH\View\View.php(214): CodeIgniter\Exceptions\FrameworkException::forInvalidFile('player,$data.php')
 2 SYSTEMPATH\Common.php(1188): CodeIgniter\View\View->render('player,$data', [], true)
 3 APPPATH\Controllers\MusicController.php(32): view('player,$data')
 4 SYSTEMPATH\CodeIgniter.php(919): App\Controllers\MusicController->jemalyn()
 5 SYSTEMPATH\CodeIgniter.php(494): CodeIgniter\CodeIgniter->runController(Object(App\Controllers\MusicController))
 6 SYSTEMPATH\CodeIgniter.php(353): CodeIgniter\CodeIgniter->handleRequest(null, Object(Config\Cache), false)
 7 FCPATH\index.php(79): CodeIgniter\CodeIgniter->run()
 8 SYSTEMPATH\Commands\Server\rewrite.php(47): require_once('C:\\laragon\\www\\songs\\public\\index.php')
CRITICAL - 2023-09-24 08:38:41 --> Invalid file: "song,$data.php"
in SYSTEMPATH\Exceptions\FrameworkException.php on line 39.
 1 SYSTEMPATH\View\View.php(214): CodeIgniter\Exceptions\FrameworkException::forInvalidFile('song,$data.php')
 2 SYSTEMPATH\Common.php(1188): CodeIgniter\View\View->render('song,$data', [], true)
 3 APPPATH\Controllers\MusicController.php(28): view('song,$data')
 4 SYSTEMPATH\CodeIgniter.php(919): App\Controllers\MusicController->jemalyn()
 5 SYSTEMPATH\CodeIgniter.php(494): CodeIgniter\CodeIgniter->runController(Object(App\Controllers\MusicController))
 6 SYSTEMPATH\CodeIgniter.php(353): CodeIgniter\CodeIgniter->handleRequest(null, Object(Config\Cache), false)
 7 FCPATH\index.php(79): CodeIgniter\CodeIgniter->run()
 8 SYSTEMPATH\Commands\Server\rewrite.php(47): require_once('C:\\laragon\\www\\songs\\public\\index.php')
ERROR - 2023-09-24 09:18:14 --> Error connecting to the database: mysqli_sql_exception: No connection could be made because the target machine actively refused it.
 in C:\laragon\www\songs\system\Database\MySQLi\Connection.php:185
Stack trace:
#0 C:\laragon\www\songs\system\Database\MySQLi\Connection.php(185): mysqli->real_connect('localhost', 'root', '', 'songs', 3306, '', 0)
#1 C:\laragon\www\songs\system\Database\BaseConnection.php(391): CodeIgniter\Database\MySQLi\Connection->connect(false)
#2 C:\laragon\www\songs\system\Database\BaseConnection.php(574): CodeIgniter\Database\BaseConnection->initialize()
#3 C:\laragon\www\songs\system\Database\BaseBuilder.php(1615): CodeIgniter\Database\BaseConnection->query('SELECT *\nFROM `...', Array, false)
#4 C:\laragon\www\songs\system\Model.php(237): CodeIgniter\Database\BaseBuilder->get()
#5 C:\laragon\www\songs\system\BaseModel.php(624): CodeIgniter\Model->doFindAll(0, 0)
#6 C:\laragon\www\songs\app\Controllers\MusicController.php(26): CodeIgniter\BaseModel->findAll()
#7 C:\laragon\www\songs\system\CodeIgniter.php(919): App\Controllers\MusicController->jemalyn()
#8 C:\laragon\www\songs\system\CodeIgniter.php(494): CodeIgniter\CodeIgniter->runController(Object(App\Controllers\MusicController))
#9 C:\laragon\www\songs\system\CodeIgniter.php(353): CodeIgniter\CodeIgniter->handleRequest(NULL, Object(Config\Cache), false)
#10 C:\laragon\www\songs\public\index.php(79): CodeIgniter\CodeIgniter->run()
#11 C:\laragon\www\songs\system\Commands\Server\rewrite.php(47): require_once('C:\\laragon\\www\\...')
#12 {main}

Next CodeIgniter\Database\Exceptions\DatabaseException: No connection could be made because the target machine actively refused it.
 in C:\laragon\www\songs\system\Database\MySQLi\Connection.php:229
Stack trace:
#0 C:\laragon\www\songs\system\Database\BaseConnection.php(391): CodeIgniter\Database\MySQLi\Connection->connect(false)
#1 C:\laragon\www\songs\system\Database\BaseConnection.php(574): CodeIgniter\Database\BaseConnection->initialize()
#2 C:\laragon\www\songs\system\Database\BaseBuilder.php(1615): CodeIgniter\Database\BaseConnection->query('SELECT *\nFROM `...', Array, false)
#3 C:\laragon\www\songs\system\Model.php(237): CodeIgniter\Database\BaseBuilder->get()
#4 C:\laragon\www\songs\system\BaseModel.php(624): CodeIgniter\Model->doFindAll(0, 0)
#5 C:\laragon\www\songs\app\Controllers\MusicController.php(26): CodeIgniter\BaseModel->findAll()
#6 C:\laragon\www\songs\system\CodeIgniter.php(919): App\Controllers\MusicController->jemalyn()
#7 C:\laragon\www\songs\system\CodeIgniter.php(494): CodeIgniter\CodeIgniter->runController(Object(App\Controllers\MusicController))
#8 C:\laragon\www\songs\system\CodeIgniter.php(353): CodeIgniter\CodeIgniter->handleRequest(NULL, Object(Config\Cache), false)
#9 C:\laragon\www\songs\public\index.php(79): CodeIgniter\CodeIgniter->run()
#10 C:\laragon\www\songs\system\Commands\Server\rewrite.php(47): require_once('C:\\laragon\\www\\...')
#11 {main}
CRITICAL - 2023-09-24 09:18:14 --> Unable to connect to the database.
Main connection [MySQLi]: No connection could be made because the target machine actively refused it.

in SYSTEMPATH\Database\BaseConnection.php on line 427.
 1 SYSTEMPATH\Database\BaseConnection.php(574): CodeIgniter\Database\BaseConnection->initialize()
 2 SYSTEMPATH\Database\BaseBuilder.php(1615): CodeIgniter\Database\BaseConnection->query('SELECT *
FROM `playlists`', [], false)
 3 SYSTEMPATH\Model.php(237): CodeIgniter\Database\BaseBuilder->get()
 4 SYSTEMPATH\BaseModel.php(624): CodeIgniter\Model->doFindAll(0, 0)
 5 APPPATH\Controllers\MusicController.php(26): CodeIgniter\BaseModel->findAll()
 6 SYSTEMPATH\CodeIgniter.php(919): App\Controllers\MusicController->jemalyn()
 7 SYSTEMPATH\CodeIgniter.php(494): CodeIgniter\CodeIgniter->runController(Object(App\Controllers\MusicController))
 8 SYSTEMPATH\CodeIgniter.php(353): CodeIgniter\CodeIgniter->handleRequest(null, Object(Config\Cache), false)
 9 FCPATH\index.php(79): CodeIgniter\CodeIgniter->run()
10 SYSTEMPATH\Commands\Server\rewrite.php(47): require_once('C:\\laragon\\www\\songs\\public\\index.php')
CRITICAL - 2023-09-24 10:00:11 --> Call to a member function move() on null
in APPPATH\Controllers\MusicController.php on line 82.
 1 SYSTEMPATH\CodeIgniter.php(919): App\Controllers\MusicController->upload()
 2 SYSTEMPATH\CodeIgniter.php(494): CodeIgniter\CodeIgniter->runController(Object(App\Controllers\MusicController))
 3 SYSTEMPATH\CodeIgniter.php(353): CodeIgniter\CodeIgniter->handleRequest(null, Object(Config\Cache), false)
 4 FCPATH\index.php(79): CodeIgniter\CodeIgniter->run()
 5 SYSTEMPATH\Commands\Server\rewrite.php(47): require_once('C:\\laragon\\www\\songs\\public\\index.php')
CRITICAL - 2023-09-24 10:00:59 --> Call to a member function move() on null
in APPPATH\Controllers\MusicController.php on line 82.
 1 SYSTEMPATH\CodeIgniter.php(919): App\Controllers\MusicController->upload()
 2 SYSTEMPATH\CodeIgniter.php(494): CodeIgniter\CodeIgniter->runController(Object(App\Controllers\MusicController))
 3 SYSTEMPATH\CodeIgniter.php(353): CodeIgniter\CodeIgniter->handleRequest(null, Object(Config\Cache), false)
 4 FCPATH\index.php(79): CodeIgniter\CodeIgniter->run()
 5 SYSTEMPATH\Commands\Server\rewrite.php(47): require_once('C:\\laragon\\www\\songs\\public\\index.php')
CRITICAL - 2023-09-24 10:19:41 --> Call to a member function move() on null
in APPPATH\Controllers\MusicController.php on line 82.
 1 SYSTEMPATH\CodeIgniter.php(919): App\Controllers\MusicController->upload()
 2 SYSTEMPATH\CodeIgniter.php(494): CodeIgniter\CodeIgniter->runController(Object(App\Controllers\MusicController))
 3 SYSTEMPATH\CodeIgniter.php(353): CodeIgniter\CodeIgniter->handleRequest(null, Object(Config\Cache), false)
 4 FCPATH\index.php(79): CodeIgniter\CodeIgniter->run()
 5 SYSTEMPATH\Commands\Server\rewrite.php(47): require_once('C:\\laragon\\www\\songs\\public\\index.php')
CRITICAL - 2023-09-24 10:21:09 --> Call to a member function move() on null
in APPPATH\Controllers\MusicController.php on line 82.
 1 SYSTEMPATH\CodeIgniter.php(919): App\Controllers\MusicController->upload()
 2 SYSTEMPATH\CodeIgniter.php(494): CodeIgniter\CodeIgniter->runController(Object(App\Controllers\MusicController))
 3 SYSTEMPATH\CodeIgniter.php(353): CodeIgniter\CodeIgniter->handleRequest(null, Object(Config\Cache), false)
 4 FCPATH\index.php(79): CodeIgniter\CodeIgniter->run()
 5 SYSTEMPATH\Commands\Server\rewrite.php(47): require_once('C:\\laragon\\www\\songs\\public\\index.php')
CRITICAL - 2023-09-24 10:23:07 --> Call to a member function move() on null
in APPPATH\Controllers\MusicController.php on line 82.
 1 SYSTEMPATH\CodeIgniter.php(919): App\Controllers\MusicController->upload()
 2 SYSTEMPATH\CodeIgniter.php(494): CodeIgniter\CodeIgniter->runController(Object(App\Controllers\MusicController))
 3 SYSTEMPATH\CodeIgniter.php(353): CodeIgniter\CodeIgniter->handleRequest(null, Object(Config\Cache), false)
 4 FCPATH\index.php(79): CodeIgniter\CodeIgniter->run()
 5 SYSTEMPATH\Commands\Server\rewrite.php(47): require_once('C:\\laragon\\www\\songs\\public\\index.php')
CRITICAL - 2023-09-24 10:27:10 --> Call to a member function move() on null
in APPPATH\Controllers\MusicController.php on line 82.
 1 SYSTEMPATH\CodeIgniter.php(919): App\Controllers\MusicController->upload()
 2 SYSTEMPATH\CodeIgniter.php(494): CodeIgniter\CodeIgniter->runController(Object(App\Controllers\MusicController))
 3 SYSTEMPATH\CodeIgniter.php(353): CodeIgniter\CodeIgniter->handleRequest(null, Object(Config\Cache), false)
 4 FCPATH\index.php(79): CodeIgniter\CodeIgniter->run()
 5 SYSTEMPATH\Commands\Server\rewrite.php(47): require_once('C:\\laragon\\www\\songs\\public\\index.php')
CRITICAL - 2023-09-24 10:27:59 --> Call to a member function move() on null
in APPPATH\Controllers\MusicController.php on line 82.
 1 SYSTEMPATH\CodeIgniter.php(919): App\Controllers\MusicController->upload()
 2 SYSTEMPATH\CodeIgniter.php(494): CodeIgniter\CodeIgniter->runController(Object(App\Controllers\MusicController))
 3 SYSTEMPATH\CodeIgniter.php(353): CodeIgniter\CodeIgniter->handleRequest(null, Object(Config\Cache), false)
 4 FCPATH\index.php(79): CodeIgniter\CodeIgniter->run()
 5 SYSTEMPATH\Commands\Server\rewrite.php(47): require_once('C:\\laragon\\www\\songs\\public\\index.php')
