CRITICAL - 2023-09-20 01:09:41 --> Invalid file: "product.php"
in SYSTEMPATH\Exceptions\FrameworkException.php on line 39.
 1 SYSTEMPATH\View\View.php(214): CodeIgniter\Exceptions\FrameworkException::forInvalidFile('product.php')
 2 SYSTEMPATH\Common.php(1188): CodeIgniter\View\View->render('product', [], true)
 3 APPPATH\Controllers\ProductController.php(21): view('product', [...])
 4 SYSTEMPATH\CodeIgniter.php(919): App\Controllers\ProductController->edit('9')
 5 SYSTEMPATH\CodeIgniter.php(494): CodeIgniter\CodeIgniter->runController(Object(App\Controllers\ProductController))
 6 SYSTEMPATH\CodeIgniter.php(353): CodeIgniter\CodeIgniter->handleRequest(null, Object(Config\Cache), false)
 7 FCPATH\index.php(79): CodeIgniter\CodeIgniter->run()
 8 SYSTEMPATH\Commands\Server\rewrite.php(47): require_once('C:\\laragon\\www\\jmlyn\\public\\index.php')
CRITICAL - 2023-09-20 01:14:38 --> Invalid argument supplied for foreach()
in APPPATH\Views\products.php on line 39.
 1 APPPATH\Views\products.php(39): CodeIgniter\Debug\Exceptions->errorHandler(2, 'Invalid argument supplied for foreach()', 'C:\\laragon\\www\\jmlyn\\app\\Views\\products.php', 39, [...])
 2 SYSTEMPATH\View\View.php(226): include('C:\\laragon\\www\\jmlyn\\app\\Views\\products.php')
 3 SYSTEMPATH\View\View.php(229): CodeIgniter\View\View->CodeIgniter\View\{closure}()
 4 SYSTEMPATH\Common.php(1188): CodeIgniter\View\View->render('products', [], true)
 5 APPPATH\Controllers\ProductController.php(21): view('products', [...])
 6 SYSTEMPATH\CodeIgniter.php(919): App\Controllers\ProductController->edit('8')
 7 SYSTEMPATH\CodeIgniter.php(494): CodeIgniter\CodeIgniter->runController(Object(App\Controllers\ProductController))
 8 SYSTEMPATH\CodeIgniter.php(353): CodeIgniter\CodeIgniter->handleRequest(null, Object(Config\Cache), false)
 9 FCPATH\index.php(79): CodeIgniter\CodeIgniter->run()
10 SYSTEMPATH\Commands\Server\rewrite.php(47): require_once('C:\\laragon\\www\\jmlyn\\public\\index.php')
